[2023-05-05 17:52:20] Text error: Errorssssss | File: D:\temp_web\OpenServer\domains\my.framework\public\index.php | String: 10
================
[2023-05-05 17:52:58] Text error: Errorssssss | File: D:\temp_web\OpenServer\domains\my.framework\public\index.php | String: 10
================
[2023-05-05 17:57:37] Text error: Errorssssss | File: D:\temp_web\OpenServer\domains\my.framework\public\index.php | String: 10
================
[2023-05-05 17:57:40] Text error: Errorssssss | File: D:\temp_web\OpenServer\domains\my.framework\public\index.php | String: 10
================
[2023-05-05 17:57:41] Text error: Errorssssss | File: D:\temp_web\OpenServer\domains\my.framework\public\index.php | String: 10
================
[2023-05-05 17:57:42] Text error: Errorssssss | File: D:\temp_web\OpenServer\domains\my.framework\public\index.php | String: 10
================
[2023-05-05 17:59:03] Text error: Undefined variable $test | File: D:\temp_web\OpenServer\domains\my.framework\public\index.php | String: 11
================
[2023-05-05 23:06:16] Text error: Too few arguments to function mf\Router::dispatch(), 0 passed in D:\temp_web\OpenServer\domains\my.framework\public\index.php on line 12 and exactly 1 expected | File: D:\temp_web\OpenServer\domains\my.framework\vendor\mf\Router.php | String: 27
================
[2023-05-05 23:06:36] Text error: Too few arguments to function mf\Router::dispatch(), 0 passed in D:\temp_web\OpenServer\domains\my.framework\public\index.php on line 12 and exactly 1 expected | File: D:\temp_web\OpenServer\domains\my.framework\vendor\mf\Router.php | String: 27
================
[2023-05-05 23:18:20] Text error: Too few arguments to function mf\Router::dispatch(), 0 passed in D:\temp_web\OpenServer\domains\my.framework\public\index.php on line 12 and exactly 1 expected | File: D:\temp_web\OpenServer\domains\my.framework\vendor\mf\Router.php | String: 27
================
[2023-05-05 23:18:25] Text error: Too few arguments to function mf\Router::dispatch(), 0 passed in D:\temp_web\OpenServer\domains\my.framework\public\index.php on line 12 and exactly 1 expected | File: D:\temp_web\OpenServer\domains\my.framework\vendor\mf\Router.php | String: 27
================
[2023-05-05 23:18:34] Text error: Too few arguments to function mf\Router::dispatch(), 0 passed in D:\temp_web\OpenServer\domains\my.framework\public\index.php on line 12 and exactly 1 expected | File: D:\temp_web\OpenServer\domains\my.framework\vendor\mf\Router.php | String: 27
================
[2023-05-05 23:18:39] Text error: Too few arguments to function mf\Router::dispatch(), 0 passed in D:\temp_web\OpenServer\domains\my.framework\public\index.php on line 12 and exactly 1 expected | File: D:\temp_web\OpenServer\domains\my.framework\vendor\mf\Router.php | String: 27
================
[2023-05-06 10:27:31] Text error: Undefined array key "admin_prefix" | File: D:\temp_web\OpenServer\domains\my.framework\vendor\mf\Router.php | String: 33
================
[2023-05-06 10:30:04] Text error: Undefined array key "admin_prefix" | File: D:\temp_web\OpenServer\domains\my.framework\vendor\mf\Router.php | String: 33
================
[2023-05-06 10:31:56] Text error: Undefined array key "admin_prefix" | File: D:\temp_web\OpenServer\domains\my.framework\vendor\mf\Router.php | String: 33
================
[2023-05-06 10:32:06] Text error: Undefined array key "admin_prefix" | File: D:\temp_web\OpenServer\domains\my.framework\vendor\mf\Router.php | String: 33
================
[2023-05-06 10:34:23] Text error: Undefined array key "admin_prefix" | File: D:\temp_web\OpenServer\domains\my.framework\vendor\mf\Router.php | String: 33
================
[2023-05-06 11:01:14] Text error: Controller app\controllers\PageController not found | File: D:\temp_web\OpenServer\domains\my.framework\vendor\mf\Router.php | String: 46
================
[2023-05-06 11:01:20] Text error: Controller app\controllers\MainController not found | File: D:\temp_web\OpenServer\domains\my.framework\vendor\mf\Router.php | String: 46
================
[2023-05-06 11:02:42] Text error: Action app\controllers\MainController::indexAction not found | File: D:\temp_web\OpenServer\domains\my.framework\vendor\mf\Router.php | String: 42
================
[2023-05-06 11:03:43] Text error: Call to undefined method app\controllers\MainController::action() | File: D:\temp_web\OpenServer\domains\my.framework\vendor\mf\Router.php | String: 40
================
[2023-05-06 11:04:52] Text error: Call to undefined method app\controllers\MainController::action() | File: D:\temp_web\OpenServer\domains\my.framework\vendor\mf\Router.php | String: 40
================
[2023-05-06 11:11:01] Text error: Action app\controllers\admin\MainController::indexAction not found | File: D:\temp_web\OpenServer\domains\my.framework\vendor\mf\Router.php | String: 43
================
[2023-05-06 11:29:34] Text error: Controller app\controllers\PaveController not found | File: D:\temp_web\OpenServer\domains\my.framework\vendor\mf\Router.php | String: 60
================
[2023-05-06 12:27:35] Text error: Cannot assign string to property mf\Controller::$model of type object | File: D:\temp_web\OpenServer\domains\my.framework\vendor\mf\Controller.php | String: 23
================
[2023-05-07 21:57:13] Text error: Page not found | File: D:\temp_web\OpenServer\domains\my.framework\vendor\mf\Router.php | String: 69
================
[2023-05-07 22:18:40] Text error: Undefined array key "gh" | File: D:\temp_web\OpenServer\domains\my.framework\public\index.php | String: 12
================
[2023-05-07 22:25:24] Text error: Undefined array key "gh" | File: D:\temp_web\OpenServer\domains\my.framework\public\index.php | String: 12
================
[2023-05-07 22:25:57] Text error: Undefined array key "gh" | File: D:\temp_web\OpenServer\domains\my.framework\public\index.php | String: 12
================
[2023-05-07 22:26:10] Text error: Undefined array key "gh" | File: D:\temp_web\OpenServer\domains\my.framework\public\index.php | String: 12
================
[2023-05-08 15:31:36] Text error: Page not found | File: D:\temp_web\OpenServer\domains\my.framework\vendor\mf\Router.php | String: 70
================
[2023-05-08 19:37:32] Text error: View not foundD:\temp_web\OpenServer\domains\my.framework/app/view/Main/index.php | File: D:\temp_web\OpenServer\domains\my.framework\vendor\mf\View.php | String: 33
================
[2023-05-08 19:37:43] Text error: View not found D:\temp_web\OpenServer\domains\my.framework/app/view/Main/index.php | File: D:\temp_web\OpenServer\domains\my.framework\vendor\mf\View.php | String: 33
================
[2023-05-08 19:39:32] Text error: View not found^ D:\temp_web\OpenServer\domains\my.framework/app/view/Main/index.php | File: D:\temp_web\OpenServer\domains\my.framework\vendor\mf\View.php | String: 33
================
[2023-05-08 19:48:01] Text error: Layouts not foundD:\temp_web\OpenServer\domains\my.framework/app/views/layouts/myframy.php | File: D:\temp_web\OpenServer\domains\my.framework\vendor\mf\View.php | String: 43
================
[2023-05-08 19:49:06] Text error: Layouts not foundD:\temp_web\OpenServer\domains\my.framework/app/views/layouts/test.php | File: D:\temp_web\OpenServer\domains\my.framework\vendor\mf\View.php | String: 43
================
[2023-05-08 19:50:28] Text error: Layouts not foundD:\temp_web\OpenServer\domains\my.framework/app/views/layouts/myframy.php | File: D:\temp_web\OpenServer\domains\my.framework\vendor\mf\View.php | String: 43
================
